#
# There is insufficient memory for the Java Runtime Environment to continue.
# Native memory allocation (mmap) failed to map 134217728 bytes for G1 virtual space
# Possible reasons:
#   The system is out of physical RAM or swap space
#   The process is running with CompressedOops enabled, and the Java Heap may be blocking the growth of the native heap
# Possible solutions:
#   Reduce memory load on the system
#   Increase physical memory or swap space
#   Check if swap backing store is full
#   Decrease Java heap size (-Xmx/-Xms)
#   Decrease number of Java threads
#   Decrease Java thread stack sizes (-Xss)
#   Set larger code cache with -XX:ReservedCodeCacheSize=
#   JVM is running with Unscaled Compressed Oops mode in which the Java heap is
#     placed in the first 4GB address space. The Java Heap base address is the
#     maximum limit for the native heap growth. Please use -XX:HeapBaseMinAddress
#     to set the Java Heap base and to place the Java Heap above 4GB virtual address.
# This output file may be truncated or incomplete.
#
#  Out of Memory Error (os_windows.cpp:3532), pid=11008, tid=7956
#
# JRE version:  (17.0.2+8) (build )
# Java VM: Java HotSpot(TM) 64-Bit Server VM (17.0.2+8-LTS-86, mixed mode, sharing, tiered, compressed oops, compressed class ptrs, g1 gc, windows-amd64)
# No core dump will be written. Minidumps are not enabled by default on client versions of Windows
#

---------------  S U M M A R Y ------------

Command Line: -Dfile.encoding=UTF-8 --module-path=C:\Users\ooo\Documents\NetBeansProjects\Employee Management System\build\classes employee.management.system.Splash

Host: Intel(R) Core(TM) i5-6200U CPU @ 2.30GHz, 4 cores, 7G,  Windows 10 , 64 bit Build 19041 (10.0.19041.1741)
Time: Tue Jun 28 19:27:38 2022 India Standard Time elapsed time: 0.072863 seconds (0d 0h 0m 0s)

---------------  T H R E A D  ---------------

Current thread (0x000002499674a7e0):  JavaThread "Unknown thread" [_thread_in_vm, id=7956, stack(0x000000eaf3c00000,0x000000eaf3d00000)]

Stack: [0x000000eaf3c00000,0x000000eaf3d00000]
Native frames: (J=compiled Java code, j=interpreted, Vv=VM code, C=native code)
V  [jvm.dll+0x670baa]
V  [jvm.dll+0x7cfcb4]
V  [jvm.dll+0x7d145e]
V  [jvm.dll+0x7d1ac3]
V  [jvm.dll+0x242bc5]
V  [jvm.dll+0x66dac9]
V  [jvm.dll+0x662412]
V  [jvm.dll+0x300c0b]
V  [jvm.dll+0x3081a6]
V  [jvm.dll+0x357d0e]
V  [jvm.dll+0x357f3f]
V  [jvm.dll+0x2d7ec8]
V  [jvm.dll+0x2d8e34]
V  [jvm.dll+0x7a18c1]
V  [jvm.dll+0x365a91]
V  [jvm.dll+0x780d2c]
V  [jvm.dll+0x3e845f]
V  [jvm.dll+0x3e9f01]
C  [jli.dll+0x527b]
C  [ucrtbase.dll+0x21bb2]
C  [KERNEL32.DLL+0x17034]
C  [ntdll.dll+0x52651]


---------------  P R O C E S S  ---------------

Threads class SMR info:
_java_thread_list=0x00007ffb082d9858, length=0, elements={
}

Java Threads: ( => current thread )

Other Threads:
  0x00000249988e87b0 GCTaskThread "GC Thread#0" [stack: 0x000000eaf3d00000,0x000000eaf3e00000] [id=18088]
  0x00000249988fb2e0 ConcurrentGCThread "G1 Main Marker" [stack: 0x000000eaf3e00000,0x000000eaf3f00000] [id=6056]
  0x00000249988fbc00 ConcurrentGCThread "G1 Conc#0" [stack: 0x000000eaf3f00000,0x000000eaf4000000] [id=3896]

[error occurred during error reporting (printing all threads), id 0xc0000005, EXCEPTION_ACCESS_VIOLATION (0xc0000005) at pc=0x00007ffb07b288a7]

VM state: not at safepoint (not fully initialized)

VM Mutex/Monitor currently owned by a thread:  ([mutex/lock_event])
[0x00000249988aaf10] Heap_lock - owner thread: 0x000002499674a7e0

Heap address: 0x0000000081a00000, size: 2022 MB, Compressed Oops mode: 32-bit

CDS archive(s) mapped at: [0x0000000000000000-0x0000000000000000-0x0000000000000000), size 0, SharedBaseAddress: 0x0000000800000000, ArchiveRelocationMode: 0.
Narrow klass base: 0x0000000000000000, Narrow klass shift: 0, Narrow klass range: 0x0

GC Precious Log:
<Empty>

Heap:
 garbage-first heap   total 0K, used 0K [0x0000000081a00000, 0x0000000100000000)
  region size 1024K, 0 young (0K), 0 survivors (0K)

[error occurred during error reporting (printing heap information), id 0xc0000005, EXCEPTION_ACCESS_VIOLATION (0xc0000005) at pc=0x00007ffb07f09f19]

GC Heap History (0 events):
No events

Deoptimization events (0 events):
No events

Classes unloaded (0 events):
No events

Classes redefined (0 events):
No events

Internal exceptions (0 events):
No events

VM Operations (0 events):
No events

Events (1 events):
Event: 0.011 Loaded shared library C:\Program Files\Java\jdk-17.0.2\bin\java.dll


Dynamic libraries:
0x00007ff649120000 - 0x00007ff649130000 	C:\Program Files\Java\jdk-17.0.2\bin\java.exe
0x00007ffb80550000 - 0x00007ffb80747000 	C:\Windows\SYSTEM32\ntdll.dll
0x00007ffb80420000 - 0x00007ffb804dd000 	C:\Windows\System32\KERNEL32.DLL
0x00007ffb7df50000 - 0x00007ffb7e21d000 	C:\Windows\System32\KERNELBASE.dll
0x00007ffb7dd10000 - 0x00007ffb7de10000 	C:\Windows\System32\ucrtbase.dll
0x00007ffb5ed50000 - 0x00007ffb5ed68000 	C:\Program Files\Java\jdk-17.0.2\bin\jli.dll
0x00007ffb7ee50000 - 0x00007ffb7eefe000 	C:\Windows\System32\ADVAPI32.dll
0x00007ffb7e5f0000 - 0x00007ffb7e68e000 	C:\Windows\System32\msvcrt.dll
0x00007ffb7f9b0000 - 0x00007ffb7fa4c000 	C:\Windows\System32\sechost.dll
0x00007ffb7ed20000 - 0x00007ffb7ee45000 	C:\Windows\System32\RPCRT4.dll
0x00007ffb7eb00000 - 0x00007ffb7eca0000 	C:\Windows\System32\USER32.dll
0x00007ffb7e580000 - 0x00007ffb7e5a2000 	C:\Windows\System32\win32u.dll
0x00007ffb7e5b0000 - 0x00007ffb7e5da000 	C:\Windows\System32\GDI32.dll
0x00007ffb7e290000 - 0x00007ffb7e39b000 	C:\Windows\System32\gdi32full.dll
0x00007ffb7dc70000 - 0x00007ffb7dd0d000 	C:\Windows\System32\msvcp_win.dll
0x00007ffb6ab10000 - 0x00007ffb6ab2a000 	C:\Program Files\Java\jdk-17.0.2\bin\VCRUNTIME140.dll
0x00007ffb6f660000 - 0x00007ffb6f8fa000 	C:\Windows\WinSxS\amd64_microsoft.windows.common-controls_6595b64144ccf1df_6.0.19041.1110_none_60b5254171f9507e\COMCTL32.dll
0x00007ffb765f0000 - 0x00007ffb765fa000 	C:\Windows\SYSTEM32\VERSION.dll
0x00007ffb804e0000 - 0x00007ffb80510000 	C:\Windows\System32\IMM32.DLL
0x00007ffb6ab00000 - 0x00007ffb6ab0c000 	C:\Program Files\Java\jdk-17.0.2\bin\vcruntime140_1.dll
0x00007ffb1f2c0000 - 0x00007ffb1f34d000 	C:\Program Files\Java\jdk-17.0.2\bin\msvcp140.dll
0x00007ffb07840000 - 0x00007ffb08401000 	C:\Program Files\Java\jdk-17.0.2\bin\server\jvm.dll
0x00007ffb7f9a0000 - 0x00007ffb7f9a8000 	C:\Windows\System32\PSAPI.DLL
0x00007ffb7c3d0000 - 0x00007ffb7c3d9000 	C:\Windows\SYSTEM32\WSOCK32.dll
0x00007ffb80220000 - 0x00007ffb8028b000 	C:\Windows\System32\WS2_32.dll
0x00007ffb6f440000 - 0x00007ffb6f467000 	C:\Windows\SYSTEM32\WINMM.dll
0x00007ffb7c550000 - 0x00007ffb7c562000 	C:\Windows\SYSTEM32\kernel.appcore.dll
0x00007ffb6aaf0000 - 0x00007ffb6aafa000 	C:\Program Files\Java\jdk-17.0.2\bin\jimage.dll
0x00007ffb7ba20000 - 0x00007ffb7bc04000 	C:\Windows\SYSTEM32\DBGHELP.DLL
0x00007ffb6a680000 - 0x00007ffb6a6ac000 	C:\Windows\SYSTEM32\dbgcore.DLL
0x00007ffb7de10000 - 0x00007ffb7de92000 	C:\Windows\System32\bcryptPrimitives.dll
0x00007ffb5ef10000 - 0x00007ffb5ef35000 	C:\Program Files\Java\jdk-17.0.2\bin\java.dll

dbghelp: loaded successfully - version: 4.0.5 - missing functions: none
symbol engine: initialized successfully - sym options: 0x614 - pdb path: .;C:\Program Files\Java\jdk-17.0.2\bin;C:\Windows\SYSTEM32;C:\Windows\WinSxS\amd64_microsoft.windows.common-controls_6595b64144ccf1df_6.0.19041.1110_none_60b5254171f9507e;C:\Program Files\Java\jdk-17.0.2\bin\server

VM Arguments:
jvm_args: -Dfile.encoding=UTF-8 --module-path=C:\Users\ooo\Documents\NetBeansProjects\Employee Management System\build\classes 
java_command: employee.management.system.Splash
java_class_path (initial): C:\Users\ooo\Documents\NetBeansProjects\Employee Management System\build\classes
Launcher Type: SUN_STANDARD

[Global flags]
     intx CICompilerCount                          = 3                                         {product} {ergonomic}
     uint ConcGCThreads                            = 1                                         {product} {ergonomic}
     uint G1ConcRefinementThreads                  = 4                                         {product} {ergonomic}
   size_t G1HeapRegionSize                         = 1048576                                   {product} {ergonomic}
    uintx GCDrainStackTargetSize                   = 64                                        {product} {ergonomic}
   size_t InitialHeapSize                          = 134217728                                 {product} {ergonomic}
   size_t MarkStackSize                            = 4194304                                   {product} {ergonomic}
   size_t MaxHeapSize                              = 2120220672                                {product} {ergonomic}
   size_t MinHeapDeltaBytes                        = 1048576                                   {product} {ergonomic}
   size_t MinHeapSize                              = 8388608                                   {product} {ergonomic}
    uintx NonNMethodCodeHeapSize                   = 5832780                                {pd product} {ergonomic}
    uintx NonProfiledCodeHeapSize                  = 122912730                              {pd product} {ergonomic}
    uintx ProfiledCodeHeapSize                     = 122912730                              {pd product} {ergonomic}
    uintx ReservedCodeCacheSize                    = 251658240                              {pd product} {ergonomic}
     bool SegmentedCodeCache                       = true                                      {product} {ergonomic}
   size_t SoftMaxHeapSize                          = 2120220672                             {manageable} {ergonomic}
     bool UseCompressedClassPointers               = true                           {product lp64_product} {ergonomic}
     bool UseCompressedOops                        = true                           {product lp64_product} {ergonomic}
     bool UseG1GC                                  = true                                      {product} {ergonomic}
     bool UseLargePagesIndividualAllocation        = false                                  {pd product} {ergonomic}

Logging:
Log output configuration:
 #0: stdout all=warning uptime,level,tags
 #1: stderr all=off uptime,level,tags

Environment Variables:
PATH=C:\Program Files\Common Files\Oracle\Java\javapath;C:\Windows\system32;C:\Windows;C:\Windows\System32\Wbem;C:\Windows\System32\WindowsPowerShell\v1.0\;C:\Windows\System32\OpenSSH\;C:\Program Files\nodejs\;C:\Program Files\Git\cmd;C:\Program Files\Java\jdk-17.0.2\bin;C:\Program Files\MySQL\MySQL Shell 8.0\bin\;C:\Users\ooo\AppData\Local\Microsoft\WindowsApps;C:\Users\ooo\AppData\Roaming\npm;C:\Users\ooo\AppData\Local\Programs\Microsoft VS Code\bin;C:\Program Files\heroku\bin
USERNAME=ooo
OS=Windows_NT
PROCESSOR_IDENTIFIER=Intel64 Family 6 Model 78 Stepping 3, GenuineIntel



---------------  S Y S T E M  ---------------

OS:
 Windows 10 , 64 bit Build 19041 (10.0.19041.1741)
OS uptime: 2 days 1:22 hours

CPU: total 4 (initial active 4) (2 cores per cpu, 2 threads per core) family 6 model 78 stepping 3 microcode 0xcc, cx8, cmov, fxsr, ht, mmx, 3dnowpref, sse, sse2, sse3, ssse3, sse4.1, sse4.2, popcnt, lzcnt, tsc, tscinvbit, avx, avx2, aes, erms, clmul, bmi1, bmi2, adx, fma, vzeroupper, clflush, clflushopt

Memory: 4k page, system-wide physical 8083M (1631M free)
TotalPageFile size 27283M (AvailPageFile size 11M)
current process WorkingSet (physical memory assigned to process): 10M, peak: 10M
current process commit charge ("private bytes"): 51M, peak: 179M

vm_info: Java HotSpot(TM) 64-Bit Server VM (17.0.2+8-LTS-86) for windows-amd64 JRE (17.0.2+8-LTS-86), built on Dec  7 2021 21:51:03 by "mach5one" with MS VC++ 16.8 / 16.9 (VS2019)

END.
